2020-11-23 20:01:43 [scrapy.utils.log] INFO: Scrapy 1.8.0 started (bot: realty_spider)
2020-11-23 20:01:43 [scrapy.utils.log] INFO: Versions: lxml 4.5.0.0, libxml2 2.9.5, cssselect 1.1.0, parsel 1.5.2, w3lib 1.21.0, Twisted 19.10.0, Python 3.8.6 (tags/v3.8.6:db45529, Sep 23 2020, 15:52:53) [MSC v.1927 64 bit (AMD64)], pyOpenSSL 19.1.0 (OpenSSL 1.1.1d  10 Sep 2019), cryptography 2.8, Platform Windows-10-10.0.19041-SP0
2020-11-23 20:01:43 [scrapy.crawler] INFO: Overridden settings: {'BOT_NAME': 'realty_spider', 'DOWNLOAD_DELAY': 1, 'LOG_FILE': 'logs\\fangxing\\fangxing_xiaoqu\\a46d0d262d8311eba770dcf5050549e4.log', 'NEWSPIDER_MODULE': 'realty_spider.realty_spider.spiders', 'SPIDER_MODULES': ['realty_spider.realty_spider.spiders']}
2020-11-23 20:01:43 [scrapy.extensions.telnet] INFO: Telnet Password: ddc80924358cb8a6
2020-11-23 20:01:43 [scrapy.middleware] INFO: Enabled extensions:
['scrapy.extensions.corestats.CoreStats',
 'scrapy.extensions.telnet.TelnetConsole',
 'scrapy.extensions.logstats.LogStats']
2020-11-23 20:01:43 [scrapy.middleware] INFO: Enabled downloader middlewares:
['scrapy.downloadermiddlewares.httpauth.HttpAuthMiddleware',
 'scrapy.downloadermiddlewares.downloadtimeout.DownloadTimeoutMiddleware',
 'scrapy.downloadermiddlewares.defaultheaders.DefaultHeadersMiddleware',
 'scrapy.downloadermiddlewares.useragent.UserAgentMiddleware',
 'scrapy.downloadermiddlewares.retry.RetryMiddleware',
 'scrapy.downloadermiddlewares.redirect.MetaRefreshMiddleware',
 'scrapy.downloadermiddlewares.httpcompression.HttpCompressionMiddleware',
 'scrapy.downloadermiddlewares.redirect.RedirectMiddleware',
 'scrapy.downloadermiddlewares.cookies.CookiesMiddleware',
 'scrapy.downloadermiddlewares.httpproxy.HttpProxyMiddleware',
 'scrapy.downloadermiddlewares.stats.DownloaderStats']
2020-11-23 20:01:43 [scrapy.middleware] INFO: Enabled spider middlewares:
['scrapy.spidermiddlewares.httperror.HttpErrorMiddleware',
 'scrapy.spidermiddlewares.offsite.OffsiteMiddleware',
 'scrapy.spidermiddlewares.referer.RefererMiddleware',
 'scrapy.spidermiddlewares.urllength.UrlLengthMiddleware',
 'scrapy.spidermiddlewares.depth.DepthMiddleware']
2020-11-23 20:01:43 [scrapy.middleware] INFO: Enabled item pipelines:
['realty_spider.realty_spider.pipelines.RealtyPipeline']
2020-11-23 20:01:43 [scrapy.core.engine] INFO: Spider opened
2020-11-23 20:01:43 [scrapy.extensions.logstats] INFO: Crawled 0 pages (at 0 pages/min), scraped 0 items (at 0 items/min)
2020-11-23 20:01:43 [py.warnings] WARNING: e:\py38\lib\site-packages\scrapy\spidermiddlewares\offsite.py:61: URLWarning: allowed_domains accepts only domains, not URLs. Ignoring URL entry https://www.fangstar.com/xiaoqu in allowed_domains.
  warnings.warn(message, URLWarning)

2020-11-23 20:01:43 [scrapy.extensions.telnet] INFO: Telnet console listening on 127.0.0.1:6023
2020-11-23 20:01:44 [scrapy.core.engine] DEBUG: Crawled (200) <GET https://www.fangstar.com/xiaoqu/> (referer:  https://www.fangstar.com/)
2020-11-23 20:01:44 [scrapy.spidermiddlewares.offsite] DEBUG: Filtered offsite request to 'www.fangstar.com': <GET https://www.fangstar.com/xiaoqu/detail/11588>
2020-11-23 20:01:44 [scrapy.core.engine] INFO: Closing spider (finished)
2020-11-23 20:01:44 [scrapy.statscollectors] INFO: Dumping Scrapy stats:
{'downloader/request_bytes': 341,
 'downloader/request_count': 1,
 'downloader/request_method_count/GET': 1,
 'downloader/response_bytes': 228751,
 'downloader/response_count': 1,
 'downloader/response_status_count/200': 1,
 'elapsed_time_seconds': 1.135099,
 'finish_reason': 'finished',
 'finish_time': datetime.datetime(2020, 11, 23, 12, 1, 44, 663203),
 'log_count/DEBUG': 2,
 'log_count/INFO': 10,
 'log_count/WARNING': 1,
 'offsite/domains': 1,
 'offsite/filtered': 61,
 'request_depth_max': 1,
 'response_received_count': 1,
 'scheduler/dequeued': 1,
 'scheduler/dequeued/memory': 1,
 'scheduler/enqueued': 1,
 'scheduler/enqueued/memory': 1,
 'start_time': datetime.datetime(2020, 11, 23, 12, 1, 43, 528104)}
2020-11-23 20:01:44 [scrapy.core.engine] INFO: Spider closed (finished)
