2020-11-24 12:41:41 [scrapy.utils.log] INFO: Scrapy 1.8.0 started (bot: realty_spider)
2020-11-24 12:41:41 [scrapy.utils.log] INFO: Versions: lxml 4.5.0.0, libxml2 2.9.5, cssselect 1.1.0, parsel 1.5.2, w3lib 1.21.0, Twisted 19.10.0, Python 3.8.6 (tags/v3.8.6:db45529, Sep 23 2020, 15:52:53) [MSC v.1927 64 bit (AMD64)], pyOpenSSL 19.1.0 (OpenSSL 1.1.1d  10 Sep 2019), cryptography 2.8, Platform Windows-10-10.0.19041-SP0
2020-11-24 12:41:41 [scrapy.crawler] INFO: Overridden settings: {'BOT_NAME': 'realty_spider', 'DOWNLOAD_DELAY': 0.5, 'LOG_FILE': 'logs\\fangxing\\fangxing\\52862edc2e0f11ebaddcdcf5050549e4.log', 'NEWSPIDER_MODULE': 'realty_spider.realty_spider.spiders', 'SPIDER_MODULES': ['realty_spider.realty_spider.spiders']}
2020-11-24 12:41:41 [scrapy.extensions.telnet] INFO: Telnet Password: c0816d818ecdbb14
2020-11-24 12:41:41 [scrapy.middleware] INFO: Enabled extensions:
['scrapy.extensions.corestats.CoreStats',
 'scrapy.extensions.telnet.TelnetConsole',
 'scrapy.extensions.logstats.LogStats']
2020-11-24 12:41:42 [scrapy.middleware] INFO: Enabled downloader middlewares:
['scrapy.downloadermiddlewares.httpauth.HttpAuthMiddleware',
 'scrapy.downloadermiddlewares.downloadtimeout.DownloadTimeoutMiddleware',
 'scrapy.downloadermiddlewares.defaultheaders.DefaultHeadersMiddleware',
 'scrapy.downloadermiddlewares.useragent.UserAgentMiddleware',
 'scrapy.downloadermiddlewares.retry.RetryMiddleware',
 'scrapy.downloadermiddlewares.redirect.MetaRefreshMiddleware',
 'scrapy.downloadermiddlewares.httpcompression.HttpCompressionMiddleware',
 'scrapy.downloadermiddlewares.redirect.RedirectMiddleware',
 'scrapy.downloadermiddlewares.cookies.CookiesMiddleware',
 'scrapy.downloadermiddlewares.httpproxy.HttpProxyMiddleware',
 'scrapy.downloadermiddlewares.stats.DownloaderStats']
2020-11-24 12:41:42 [scrapy.middleware] INFO: Enabled spider middlewares:
['scrapy.spidermiddlewares.httperror.HttpErrorMiddleware',
 'scrapy.spidermiddlewares.offsite.OffsiteMiddleware',
 'scrapy.spidermiddlewares.referer.RefererMiddleware',
 'scrapy.spidermiddlewares.urllength.UrlLengthMiddleware',
 'scrapy.spidermiddlewares.depth.DepthMiddleware']
2020-11-24 12:41:42 [scrapy.middleware] INFO: Enabled item pipelines:
['realty_spider.realty_spider.pipelines.FangxingErshouPipeline',
 'realty_spider.realty_spider.pipelines.FangxingXiaoquPipeline']
2020-11-24 12:41:42 [scrapy.core.engine] INFO: Spider opened
2020-11-24 12:41:42 [scrapy.extensions.logstats] INFO: Crawled 0 pages (at 0 pages/min), scraped 0 items (at 0 items/min)
2020-11-24 12:41:42 [scrapy.extensions.telnet] INFO: Telnet console listening on 127.0.0.1:6024
2020-11-24 12:41:42 [scrapy.dupefilters] DEBUG: Filtered duplicate request: <GET https://www.fangstar.com/xiaoqu/xishangqu> - no more duplicates will be shown (see DUPEFILTER_DEBUG to show all duplicates)
2020-11-24 12:41:42 [scrapy.core.engine] DEBUG: Crawled (200) <GET https://www.fangstar.com/xiaoqu/xishangqu> (referer:  https://www.fangstar.com/)
2020-11-24 12:41:43 [scrapy.core.scraper] ERROR: Spider error processing <GET https://www.fangstar.com/xiaoqu/xishangqu> (referer:  https://www.fangstar.com/)
Traceback (most recent call last):
  File "e:\py38\lib\site-packages\scrapy\utils\defer.py", line 102, in iter_errback
    yield next(it)
  File "e:\py38\lib\site-packages\scrapy\core\spidermw.py", line 84, in evaluate_iterable
    for r in iterable:
  File "e:\py38\lib\site-packages\scrapy\spidermiddlewares\offsite.py", line 29, in process_spider_output
    for x in result:
  File "e:\py38\lib\site-packages\scrapy\core\spidermw.py", line 84, in evaluate_iterable
    for r in iterable:
  File "e:\py38\lib\site-packages\scrapy\spidermiddlewares\referer.py", line 339, in <genexpr>
    return (_set_referer(r) for r in result or ())
  File "e:\py38\lib\site-packages\scrapy\core\spidermw.py", line 84, in evaluate_iterable
    for r in iterable:
  File "e:\py38\lib\site-packages\scrapy\spidermiddlewares\urllength.py", line 37, in <genexpr>
    return (r for r in result or () if _filter(r))
  File "e:\py38\lib\site-packages\scrapy\core\spidermw.py", line 84, in evaluate_iterable
    for r in iterable:
  File "e:\py38\lib\site-packages\scrapy\spidermiddlewares\depth.py", line 58, in <genexpr>
    return (r for r in result or () if _filter(r))
  File "h:\python-练习\items\realty\realty_spider\realty_spider\spiders\fangxing.py", line 32, in parse
    items['publish_time'] = i.xpath('./div/em[3]/span/text()').extract_first().split('发')[0]
AttributeError: 'NoneType' object has no attribute 'split'
2020-11-24 12:41:43 [scrapy.core.engine] INFO: Closing spider (finished)
2020-11-24 12:41:43 [scrapy.statscollectors] INFO: Dumping Scrapy stats:
{'downloader/request_bytes': 350,
 'downloader/request_count': 1,
 'downloader/request_method_count/GET': 1,
 'downloader/response_bytes': 230213,
 'downloader/response_count': 1,
 'downloader/response_status_count/200': 1,
 'dupefilter/filtered': 8,
 'elapsed_time_seconds': 1.023595,
 'finish_reason': 'finished',
 'finish_time': datetime.datetime(2020, 11, 24, 4, 41, 43, 148831),
 'log_count/DEBUG': 2,
 'log_count/ERROR': 1,
 'log_count/INFO': 10,
 'response_received_count': 1,
 'scheduler/dequeued': 1,
 'scheduler/dequeued/memory': 1,
 'scheduler/enqueued': 1,
 'scheduler/enqueued/memory': 1,
 'spider_exceptions/AttributeError': 1,
 'start_time': datetime.datetime(2020, 11, 24, 4, 41, 42, 125236)}
2020-11-24 12:41:43 [scrapy.core.engine] INFO: Spider closed (finished)
