2020-11-24 12:44:06 [scrapy.utils.log] INFO: Scrapy 1.8.0 started (bot: realty_spider)
2020-11-24 12:44:06 [scrapy.utils.log] INFO: Versions: lxml 4.5.0.0, libxml2 2.9.5, cssselect 1.1.0, parsel 1.5.2, w3lib 1.21.0, Twisted 19.10.0, Python 3.8.6 (tags/v3.8.6:db45529, Sep 23 2020, 15:52:53) [MSC v.1927 64 bit (AMD64)], pyOpenSSL 19.1.0 (OpenSSL 1.1.1d  10 Sep 2019), cryptography 2.8, Platform Windows-10-10.0.19041-SP0
2020-11-24 12:44:06 [scrapy.crawler] INFO: Overridden settings: {'BOT_NAME': 'realty_spider', 'DOWNLOAD_DELAY': 0.5, 'LOG_FILE': 'logs\\fangxing\\fangxing\\aabff1962e0f11eb9288dcf5050549e4.log', 'NEWSPIDER_MODULE': 'realty_spider.realty_spider.spiders', 'SPIDER_MODULES': ['realty_spider.realty_spider.spiders']}
2020-11-24 12:44:06 [scrapy.extensions.telnet] INFO: Telnet Password: bdffe3fff36efb4a
2020-11-24 12:44:06 [scrapy.middleware] INFO: Enabled extensions:
['scrapy.extensions.corestats.CoreStats',
 'scrapy.extensions.telnet.TelnetConsole',
 'scrapy.extensions.logstats.LogStats']
2020-11-24 12:44:06 [scrapy.middleware] INFO: Enabled downloader middlewares:
['scrapy.downloadermiddlewares.httpauth.HttpAuthMiddleware',
 'scrapy.downloadermiddlewares.downloadtimeout.DownloadTimeoutMiddleware',
 'scrapy.downloadermiddlewares.defaultheaders.DefaultHeadersMiddleware',
 'scrapy.downloadermiddlewares.useragent.UserAgentMiddleware',
 'scrapy.downloadermiddlewares.retry.RetryMiddleware',
 'scrapy.downloadermiddlewares.redirect.MetaRefreshMiddleware',
 'scrapy.downloadermiddlewares.httpcompression.HttpCompressionMiddleware',
 'scrapy.downloadermiddlewares.redirect.RedirectMiddleware',
 'scrapy.downloadermiddlewares.cookies.CookiesMiddleware',
 'scrapy.downloadermiddlewares.httpproxy.HttpProxyMiddleware',
 'scrapy.downloadermiddlewares.stats.DownloaderStats']
2020-11-24 12:44:07 [scrapy.middleware] INFO: Enabled spider middlewares:
['scrapy.spidermiddlewares.httperror.HttpErrorMiddleware',
 'scrapy.spidermiddlewares.offsite.OffsiteMiddleware',
 'scrapy.spidermiddlewares.referer.RefererMiddleware',
 'scrapy.spidermiddlewares.urllength.UrlLengthMiddleware',
 'scrapy.spidermiddlewares.depth.DepthMiddleware']
2020-11-24 12:44:07 [scrapy.middleware] INFO: Enabled item pipelines:
['realty_spider.realty_spider.pipelines.FangxingErshouPipeline',
 'realty_spider.realty_spider.pipelines.FangxingXiaoquPipeline']
2020-11-24 12:44:07 [scrapy.core.engine] INFO: Spider opened
2020-11-24 12:44:07 [scrapy.extensions.logstats] INFO: Crawled 0 pages (at 0 pages/min), scraped 0 items (at 0 items/min)
2020-11-24 12:44:07 [scrapy.extensions.telnet] INFO: Telnet console listening on 127.0.0.1:6024
2020-11-24 12:44:07 [scrapy.core.engine] DEBUG: Crawled (200) <GET https://www.fangstar.com/xiaoqu/%7B%7Dxishangqu> (referer:  https://www.fangstar.com/)
2020-11-24 12:44:07 [scrapy.core.scraper] ERROR: Spider error processing <GET https://www.fangstar.com/xiaoqu/%7B%7Dxishangqu> (referer:  https://www.fangstar.com/)
Traceback (most recent call last):
  File "e:\py38\lib\site-packages\scrapy\utils\defer.py", line 102, in iter_errback
    yield next(it)
  File "e:\py38\lib\site-packages\scrapy\core\spidermw.py", line 84, in evaluate_iterable
    for r in iterable:
  File "e:\py38\lib\site-packages\scrapy\spidermiddlewares\offsite.py", line 29, in process_spider_output
    for x in result:
  File "e:\py38\lib\site-packages\scrapy\core\spidermw.py", line 84, in evaluate_iterable
    for r in iterable:
  File "e:\py38\lib\site-packages\scrapy\spidermiddlewares\referer.py", line 339, in <genexpr>
    return (_set_referer(r) for r in result or ())
  File "e:\py38\lib\site-packages\scrapy\core\spidermw.py", line 84, in evaluate_iterable
    for r in iterable:
  File "e:\py38\lib\site-packages\scrapy\spidermiddlewares\urllength.py", line 37, in <genexpr>
    return (r for r in result or () if _filter(r))
  File "e:\py38\lib\site-packages\scrapy\core\spidermw.py", line 84, in evaluate_iterable
    for r in iterable:
  File "e:\py38\lib\site-packages\scrapy\spidermiddlewares\depth.py", line 58, in <genexpr>
    return (r for r in result or () if _filter(r))
  File "h:\python-练习\items\realty\realty_spider\realty_spider\spiders\fangxing.py", line 31, in parse
    items['total_price'] = i.xpath('./div/div/h3/text()').extract_first() + '万'
TypeError: unsupported operand type(s) for +: 'NoneType' and 'str'
2020-11-24 12:44:08 [scrapy.core.engine] DEBUG: Crawled (200) <GET https://www.fangstar.com/xiaoqu/%7B%7Dxishangquwuhuaqu> (referer:  https://www.fangstar.com/)
2020-11-24 12:44:08 [scrapy.dupefilters] DEBUG: Filtered duplicate request: <GET https://www.fangstar.com/xiaoqu/detail/1675> - no more duplicates will be shown (see DUPEFILTER_DEBUG to show all duplicates)
2020-11-24 12:44:08 [scrapy.core.scraper] ERROR: Spider error processing <GET https://www.fangstar.com/xiaoqu/%7B%7Dxishangquwuhuaqu> (referer:  https://www.fangstar.com/)
Traceback (most recent call last):
  File "e:\py38\lib\site-packages\scrapy\utils\defer.py", line 102, in iter_errback
    yield next(it)
  File "e:\py38\lib\site-packages\scrapy\core\spidermw.py", line 84, in evaluate_iterable
    for r in iterable:
  File "e:\py38\lib\site-packages\scrapy\spidermiddlewares\offsite.py", line 29, in process_spider_output
    for x in result:
  File "e:\py38\lib\site-packages\scrapy\core\spidermw.py", line 84, in evaluate_iterable
    for r in iterable:
  File "e:\py38\lib\site-packages\scrapy\spidermiddlewares\referer.py", line 339, in <genexpr>
    return (_set_referer(r) for r in result or ())
  File "e:\py38\lib\site-packages\scrapy\core\spidermw.py", line 84, in evaluate_iterable
    for r in iterable:
  File "e:\py38\lib\site-packages\scrapy\spidermiddlewares\urllength.py", line 37, in <genexpr>
    return (r for r in result or () if _filter(r))
  File "e:\py38\lib\site-packages\scrapy\core\spidermw.py", line 84, in evaluate_iterable
    for r in iterable:
  File "e:\py38\lib\site-packages\scrapy\spidermiddlewares\depth.py", line 58, in <genexpr>
    return (r for r in result or () if _filter(r))
  File "h:\python-练习\items\realty\realty_spider\realty_spider\spiders\fangxing.py", line 31, in parse
    items['total_price'] = i.xpath('./div/div/h3/text()').extract_first() + '万'
TypeError: unsupported operand type(s) for +: 'NoneType' and 'str'
2020-11-24 12:44:08 [scrapy.core.engine] DEBUG: Crawled (200) <GET https://www.fangstar.com/xiaoqu/%7B%7Dxishangquwuhuaqulanlongqu> (referer:  https://www.fangstar.com/)
2020-11-24 12:44:08 [scrapy.core.scraper] ERROR: Spider error processing <GET https://www.fangstar.com/xiaoqu/%7B%7Dxishangquwuhuaqulanlongqu> (referer:  https://www.fangstar.com/)
Traceback (most recent call last):
  File "e:\py38\lib\site-packages\scrapy\utils\defer.py", line 102, in iter_errback
    yield next(it)
  File "e:\py38\lib\site-packages\scrapy\core\spidermw.py", line 84, in evaluate_iterable
    for r in iterable:
  File "e:\py38\lib\site-packages\scrapy\spidermiddlewares\offsite.py", line 29, in process_spider_output
    for x in result:
  File "e:\py38\lib\site-packages\scrapy\core\spidermw.py", line 84, in evaluate_iterable
    for r in iterable:
  File "e:\py38\lib\site-packages\scrapy\spidermiddlewares\referer.py", line 339, in <genexpr>
    return (_set_referer(r) for r in result or ())
  File "e:\py38\lib\site-packages\scrapy\core\spidermw.py", line 84, in evaluate_iterable
    for r in iterable:
  File "e:\py38\lib\site-packages\scrapy\spidermiddlewares\urllength.py", line 37, in <genexpr>
    return (r for r in result or () if _filter(r))
  File "e:\py38\lib\site-packages\scrapy\core\spidermw.py", line 84, in evaluate_iterable
    for r in iterable:
  File "e:\py38\lib\site-packages\scrapy\spidermiddlewares\depth.py", line 58, in <genexpr>
    return (r for r in result or () if _filter(r))
  File "h:\python-练习\items\realty\realty_spider\realty_spider\spiders\fangxing.py", line 31, in parse
    items['total_price'] = i.xpath('./div/div/h3/text()').extract_first() + '万'
TypeError: unsupported operand type(s) for +: 'NoneType' and 'str'
2020-11-24 12:44:09 [scrapy.core.engine] DEBUG: Crawled (200) <GET https://www.fangstar.com/xiaoqu/%7B%7Dxishangquwuhuaqulanlongquchenggongqu> (referer:  https://www.fangstar.com/)
2020-11-24 12:44:09 [scrapy.core.scraper] ERROR: Spider error processing <GET https://www.fangstar.com/xiaoqu/%7B%7Dxishangquwuhuaqulanlongquchenggongqu> (referer:  https://www.fangstar.com/)
Traceback (most recent call last):
  File "e:\py38\lib\site-packages\scrapy\utils\defer.py", line 102, in iter_errback
    yield next(it)
  File "e:\py38\lib\site-packages\scrapy\core\spidermw.py", line 84, in evaluate_iterable
    for r in iterable:
  File "e:\py38\lib\site-packages\scrapy\spidermiddlewares\offsite.py", line 29, in process_spider_output
    for x in result:
  File "e:\py38\lib\site-packages\scrapy\core\spidermw.py", line 84, in evaluate_iterable
    for r in iterable:
  File "e:\py38\lib\site-packages\scrapy\spidermiddlewares\referer.py", line 339, in <genexpr>
    return (_set_referer(r) for r in result or ())
  File "e:\py38\lib\site-packages\scrapy\core\spidermw.py", line 84, in evaluate_iterable
    for r in iterable:
  File "e:\py38\lib\site-packages\scrapy\spidermiddlewares\urllength.py", line 37, in <genexpr>
    return (r for r in result or () if _filter(r))
  File "e:\py38\lib\site-packages\scrapy\core\spidermw.py", line 84, in evaluate_iterable
    for r in iterable:
  File "e:\py38\lib\site-packages\scrapy\spidermiddlewares\depth.py", line 58, in <genexpr>
    return (r for r in result or () if _filter(r))
  File "h:\python-练习\items\realty\realty_spider\realty_spider\spiders\fangxing.py", line 31, in parse
    items['total_price'] = i.xpath('./div/div/h3/text()').extract_first() + '万'
TypeError: unsupported operand type(s) for +: 'NoneType' and 'str'
2020-11-24 12:44:09 [scrapy.core.engine] DEBUG: Crawled (200) <GET https://www.fangstar.com/xiaoqu/%7B%7Dxishangquwuhuaqulanlongquchenggongquans> (referer:  https://www.fangstar.com/)
2020-11-24 12:44:09 [scrapy.core.scraper] ERROR: Spider error processing <GET https://www.fangstar.com/xiaoqu/%7B%7Dxishangquwuhuaqulanlongquchenggongquans> (referer:  https://www.fangstar.com/)
Traceback (most recent call last):
  File "e:\py38\lib\site-packages\scrapy\utils\defer.py", line 102, in iter_errback
    yield next(it)
  File "e:\py38\lib\site-packages\scrapy\core\spidermw.py", line 84, in evaluate_iterable
    for r in iterable:
  File "e:\py38\lib\site-packages\scrapy\spidermiddlewares\offsite.py", line 29, in process_spider_output
    for x in result:
  File "e:\py38\lib\site-packages\scrapy\core\spidermw.py", line 84, in evaluate_iterable
    for r in iterable:
  File "e:\py38\lib\site-packages\scrapy\spidermiddlewares\referer.py", line 339, in <genexpr>
    return (_set_referer(r) for r in result or ())
  File "e:\py38\lib\site-packages\scrapy\core\spidermw.py", line 84, in evaluate_iterable
    for r in iterable:
  File "e:\py38\lib\site-packages\scrapy\spidermiddlewares\urllength.py", line 37, in <genexpr>
    return (r for r in result or () if _filter(r))
  File "e:\py38\lib\site-packages\scrapy\core\spidermw.py", line 84, in evaluate_iterable
    for r in iterable:
  File "e:\py38\lib\site-packages\scrapy\spidermiddlewares\depth.py", line 58, in <genexpr>
    return (r for r in result or () if _filter(r))
  File "h:\python-练习\items\realty\realty_spider\realty_spider\spiders\fangxing.py", line 31, in parse
    items['total_price'] = i.xpath('./div/div/h3/text()').extract_first() + '万'
TypeError: unsupported operand type(s) for +: 'NoneType' and 'str'
2020-11-24 12:44:10 [scrapy.core.engine] DEBUG: Crawled (200) <GET https://www.fangstar.com/xiaoqu/%7B%7Dxishangquwuhuaqulanlongquchenggongquansjnq> (referer:  https://www.fangstar.com/)
2020-11-24 12:44:10 [scrapy.core.scraper] ERROR: Spider error processing <GET https://www.fangstar.com/xiaoqu/%7B%7Dxishangquwuhuaqulanlongquchenggongquansjnq> (referer:  https://www.fangstar.com/)
Traceback (most recent call last):
  File "e:\py38\lib\site-packages\scrapy\utils\defer.py", line 102, in iter_errback
    yield next(it)
  File "e:\py38\lib\site-packages\scrapy\core\spidermw.py", line 84, in evaluate_iterable
    for r in iterable:
  File "e:\py38\lib\site-packages\scrapy\spidermiddlewares\offsite.py", line 29, in process_spider_output
    for x in result:
  File "e:\py38\lib\site-packages\scrapy\core\spidermw.py", line 84, in evaluate_iterable
    for r in iterable:
  File "e:\py38\lib\site-packages\scrapy\spidermiddlewares\referer.py", line 339, in <genexpr>
    return (_set_referer(r) for r in result or ())
  File "e:\py38\lib\site-packages\scrapy\core\spidermw.py", line 84, in evaluate_iterable
    for r in iterable:
  File "e:\py38\lib\site-packages\scrapy\spidermiddlewares\urllength.py", line 37, in <genexpr>
    return (r for r in result or () if _filter(r))
  File "e:\py38\lib\site-packages\scrapy\core\spidermw.py", line 84, in evaluate_iterable
    for r in iterable:
  File "e:\py38\lib\site-packages\scrapy\spidermiddlewares\depth.py", line 58, in <genexpr>
    return (r for r in result or () if _filter(r))
  File "h:\python-练习\items\realty\realty_spider\realty_spider\spiders\fangxing.py", line 31, in parse
    items['total_price'] = i.xpath('./div/div/h3/text()').extract_first() + '万'
TypeError: unsupported operand type(s) for +: 'NoneType' and 'str'
2020-11-24 12:44:10 [scrapy.core.engine] DEBUG: Crawled (200) <GET https://www.fangstar.com/xiaoqu/%7B%7Dxishangquwuhuaqulanlongquchenggongquansjnqsmx> (referer:  https://www.fangstar.com/)
2020-11-24 12:44:10 [scrapy.core.scraper] ERROR: Spider error processing <GET https://www.fangstar.com/xiaoqu/%7B%7Dxishangquwuhuaqulanlongquchenggongquansjnqsmx> (referer:  https://www.fangstar.com/)
Traceback (most recent call last):
  File "e:\py38\lib\site-packages\scrapy\utils\defer.py", line 102, in iter_errback
    yield next(it)
  File "e:\py38\lib\site-packages\scrapy\core\spidermw.py", line 84, in evaluate_iterable
    for r in iterable:
  File "e:\py38\lib\site-packages\scrapy\spidermiddlewares\offsite.py", line 29, in process_spider_output
    for x in result:
  File "e:\py38\lib\site-packages\scrapy\core\spidermw.py", line 84, in evaluate_iterable
    for r in iterable:
  File "e:\py38\lib\site-packages\scrapy\spidermiddlewares\referer.py", line 339, in <genexpr>
    return (_set_referer(r) for r in result or ())
  File "e:\py38\lib\site-packages\scrapy\core\spidermw.py", line 84, in evaluate_iterable
    for r in iterable:
  File "e:\py38\lib\site-packages\scrapy\spidermiddlewares\urllength.py", line 37, in <genexpr>
    return (r for r in result or () if _filter(r))
  File "e:\py38\lib\site-packages\scrapy\core\spidermw.py", line 84, in evaluate_iterable
    for r in iterable:
  File "e:\py38\lib\site-packages\scrapy\spidermiddlewares\depth.py", line 58, in <genexpr>
    return (r for r in result or () if _filter(r))
  File "h:\python-练习\items\realty\realty_spider\realty_spider\spiders\fangxing.py", line 31, in parse
    items['total_price'] = i.xpath('./div/div/h3/text()').extract_first() + '万'
TypeError: unsupported operand type(s) for +: 'NoneType' and 'str'
2020-11-24 12:44:11 [scrapy.core.engine] DEBUG: Crawled (200) <GET https://www.fangstar.com/xiaoqu/%7B%7Dxishangquwuhuaqulanlongquchenggongquansjnqsmxylx> (referer:  https://www.fangstar.com/)
2020-11-24 12:44:11 [scrapy.core.scraper] ERROR: Spider error processing <GET https://www.fangstar.com/xiaoqu/%7B%7Dxishangquwuhuaqulanlongquchenggongquansjnqsmxylx> (referer:  https://www.fangstar.com/)
Traceback (most recent call last):
  File "e:\py38\lib\site-packages\scrapy\utils\defer.py", line 102, in iter_errback
    yield next(it)
  File "e:\py38\lib\site-packages\scrapy\core\spidermw.py", line 84, in evaluate_iterable
    for r in iterable:
  File "e:\py38\lib\site-packages\scrapy\spidermiddlewares\offsite.py", line 29, in process_spider_output
    for x in result:
  File "e:\py38\lib\site-packages\scrapy\core\spidermw.py", line 84, in evaluate_iterable
    for r in iterable:
  File "e:\py38\lib\site-packages\scrapy\spidermiddlewares\referer.py", line 339, in <genexpr>
    return (_set_referer(r) for r in result or ())
  File "e:\py38\lib\site-packages\scrapy\core\spidermw.py", line 84, in evaluate_iterable
    for r in iterable:
  File "e:\py38\lib\site-packages\scrapy\spidermiddlewares\urllength.py", line 37, in <genexpr>
    return (r for r in result or () if _filter(r))
  File "e:\py38\lib\site-packages\scrapy\core\spidermw.py", line 84, in evaluate_iterable
    for r in iterable:
  File "e:\py38\lib\site-packages\scrapy\spidermiddlewares\depth.py", line 58, in <genexpr>
    return (r for r in result or () if _filter(r))
  File "h:\python-练习\items\realty\realty_spider\realty_spider\spiders\fangxing.py", line 31, in parse
    items['total_price'] = i.xpath('./div/div/h3/text()').extract_first() + '万'
TypeError: unsupported operand type(s) for +: 'NoneType' and 'str'
2020-11-24 12:44:11 [scrapy.core.engine] DEBUG: Crawled (200) <GET https://www.fangstar.com/xiaoqu/%7B%7Dxishangquwuhuaqulanlongquchenggongquansjnqsmxylxfnx> (referer:  https://www.fangstar.com/)
2020-11-24 12:44:11 [scrapy.core.scraper] ERROR: Spider error processing <GET https://www.fangstar.com/xiaoqu/%7B%7Dxishangquwuhuaqulanlongquchenggongquansjnqsmxylxfnx> (referer:  https://www.fangstar.com/)
Traceback (most recent call last):
  File "e:\py38\lib\site-packages\scrapy\utils\defer.py", line 102, in iter_errback
    yield next(it)
  File "e:\py38\lib\site-packages\scrapy\core\spidermw.py", line 84, in evaluate_iterable
    for r in iterable:
  File "e:\py38\lib\site-packages\scrapy\spidermiddlewares\offsite.py", line 29, in process_spider_output
    for x in result:
  File "e:\py38\lib\site-packages\scrapy\core\spidermw.py", line 84, in evaluate_iterable
    for r in iterable:
  File "e:\py38\lib\site-packages\scrapy\spidermiddlewares\referer.py", line 339, in <genexpr>
    return (_set_referer(r) for r in result or ())
  File "e:\py38\lib\site-packages\scrapy\core\spidermw.py", line 84, in evaluate_iterable
    for r in iterable:
  File "e:\py38\lib\site-packages\scrapy\spidermiddlewares\urllength.py", line 37, in <genexpr>
    return (r for r in result or () if _filter(r))
  File "e:\py38\lib\site-packages\scrapy\core\spidermw.py", line 84, in evaluate_iterable
    for r in iterable:
  File "e:\py38\lib\site-packages\scrapy\spidermiddlewares\depth.py", line 58, in <genexpr>
    return (r for r in result or () if _filter(r))
  File "h:\python-练习\items\realty\realty_spider\realty_spider\spiders\fangxing.py", line 31, in parse
    items['total_price'] = i.xpath('./div/div/h3/text()').extract_first() + '万'
TypeError: unsupported operand type(s) for +: 'NoneType' and 'str'
2020-11-24 12:44:12 [scrapy.core.engine] DEBUG: Crawled (200) <GET https://www.fangstar.com/xiaoqu/detail/1675> (referer: https://www.fangstar.com/xiaoqu/%7B%7Dxishangqu)
2020-11-24 12:44:12 [asyncio] DEBUG: Using proactor: IocpProactor
2020-11-24 12:44:12 [scrapy.core.scraper] ERROR: Error processing {'address': '西山区-红联片区',
 'community': None,
 'house_type': None,
 'publish_time': None,
 'surrounding_school': '\r\n'
                       '                                    距离地铁3号线梁家河站897m',
 'total_price': '15946万',
 'url': 'https://www.fangstar.com/xiaoqu/detail/1675',
 'uuid': None}
Traceback (most recent call last):
  File "e:\py38\lib\site-packages\twisted\internet\defer.py", line 654, in _runCallbacks
    current.result = callback(current.result, *args, **kw)
  File "h:\python-练习\items\realty\realty_spider\realty_spider\pipelines.py", line 19, in process_item
    item['publish_time'] = item['publish_time'].strip() #去空格
AttributeError: 'NoneType' object has no attribute 'strip'
2020-11-24 12:44:13 [scrapy.core.engine] DEBUG: Crawled (200) <GET https://www.fangstar.com/xiaoqu/detail/4831> (referer: https://www.fangstar.com/xiaoqu/%7B%7Dxishangqu)
2020-11-24 12:44:13 [scrapy.core.scraper] ERROR: Error processing {'address': '五华区-虹山片区',
 'community': None,
 'house_type': None,
 'publish_time': None,
 'surrounding_school': '虹山小学',
 'total_price': '12128万',
 'url': 'https://www.fangstar.com/xiaoqu/detail/4831',
 'uuid': None}
Traceback (most recent call last):
  File "e:\py38\lib\site-packages\twisted\internet\defer.py", line 654, in _runCallbacks
    current.result = callback(current.result, *args, **kw)
  File "h:\python-练习\items\realty\realty_spider\realty_spider\pipelines.py", line 19, in process_item
    item['publish_time'] = item['publish_time'].strip() #去空格
AttributeError: 'NoneType' object has no attribute 'strip'
2020-11-24 12:44:13 [scrapy.core.engine] DEBUG: Crawled (200) <GET https://www.fangstar.com/xiaoqu/detail/4352> (referer: https://www.fangstar.com/xiaoqu/%7B%7Dxishangqu)
2020-11-24 12:44:13 [scrapy.core.scraper] ERROR: Error processing {'address': '盘龙区-金星片区',
 'community': None,
 'house_type': None,
 'publish_time': None,
 'surrounding_school': '\r\n'
                       '                                    距离地铁2号线白云路站787m',
 'total_price': '12155万',
 'url': 'https://www.fangstar.com/xiaoqu/detail/4352',
 'uuid': None}
Traceback (most recent call last):
  File "e:\py38\lib\site-packages\twisted\internet\defer.py", line 654, in _runCallbacks
    current.result = callback(current.result, *args, **kw)
  File "h:\python-练习\items\realty\realty_spider\realty_spider\pipelines.py", line 19, in process_item
    item['publish_time'] = item['publish_time'].strip() #去空格
AttributeError: 'NoneType' object has no attribute 'strip'
2020-11-24 12:44:13 [scrapy.core.engine] INFO: Closing spider (finished)
2020-11-24 12:44:13 [scrapy.statscollectors] INFO: Dumping Scrapy stats:
{'downloader/request_bytes': 6371,
 'downloader/request_count': 12,
 'downloader/request_method_count/GET': 12,
 'downloader/response_bytes': 2771965,
 'downloader/response_count': 12,
 'downloader/response_status_count/200': 12,
 'dupefilter/filtered': 24,
 'elapsed_time_seconds': 6.880252,
 'finish_reason': 'finished',
 'finish_time': datetime.datetime(2020, 11, 24, 4, 44, 13, 909510),
 'log_count/DEBUG': 14,
 'log_count/ERROR': 12,
 'log_count/INFO': 10,
 'request_depth_max': 1,
 'response_received_count': 12,
 'scheduler/dequeued': 12,
 'scheduler/dequeued/memory': 12,
 'scheduler/enqueued': 12,
 'scheduler/enqueued/memory': 12,
 'spider_exceptions/TypeError': 9,
 'start_time': datetime.datetime(2020, 11, 24, 4, 44, 7, 29258)}
2020-11-24 12:44:13 [scrapy.core.engine] INFO: Spider closed (finished)
